[31merror[39m: [Helper] uncaughtException: Cannot find module 'sb/etc/Logger.js' 
{ date: [32m'Sat Apr 29 2017 18:11:16 GMT-0600 (MDT)'[39m,
  process: 
   { pid: [33m4309[39m,
     uid: [33m1000[39m,
     gid: [33m1000[39m,
     cwd: [32m'/home/john/CLOCKMAKER-GIT/Helper'[39m,
     execPath: [32m'/usr/local/bin/node'[39m,
     version: [32m'v6.9.5'[39m,
     argv: 
      [ [32m'/usr/local/bin/node'[39m,
        [32m'/usr/local/bin/jasmine'[39m,
        [32m'HelperSpec.js'[39m ],
     memoryUsage: { rss: [33m32321536[39m, heapTotal: [33m12619776[39m, heapUsed: [33m7033840[39m } },
  os: 
   { loadavg: [ [33m0.3037109375[39m, [33m0.45361328125[39m, [33m0.44091796875[39m ],
     uptime: [33m5022881[39m },
  trace: 
   [ { column: [33m15[39m,
       file: [32m'module.js'[39m,
       function: [32m'Function.Module._resolveFilename'[39m,
       line: [33m469[39m,
       method: [32m'Module._resolveFilename'[39m,
       native: [33mfalse[39m },
     { column: [33m25[39m,
       file: [32m'module.js'[39m,
       function: [32m'Function.Module._load'[39m,
       line: [33m417[39m,
       method: [32m'Module._load'[39m,
       native: [33mfalse[39m },
     { column: [33m17[39m,
       file: [32m'module.js'[39m,
       function: [32m'Module.require'[39m,
       line: [33m497[39m,
       method: [32m'require'[39m,
       native: [33mfalse[39m },
     { column: [33m19[39m,
       file: [32m'internal/module.js'[39m,
       function: [32m'require'[39m,
       line: [33m20[39m,
       method: [1mnull[22m,
       native: [33mfalse[39m },
     { column: [33m41[39m,
       file: [32m'/home/john/CLOCKMAKER-GIT/Helper/SbEvent.js'[39m,
       function: [32m''[39m,
       line: [33m3[39m,
       method: [1mnull[22m,
       native: [33mfalse[39m },
     { column: [33m32[39m,
       file: [32m'module.js'[39m,
       function: [32m'Module._compile'[39m,
       line: [33m570[39m,
       method: [32m'_compile'[39m,
       native: [33mfalse[39m },
     { column: [33m10[39m,
       file: [32m'module.js'[39m,
       function: [32m'Object.Module._extensions..js'[39m,
       line: [33m579[39m,
       method: [32m'Module._extensions..js'[39m,
       native: [33mfalse[39m },
     { column: [33m32[39m,
       file: [32m'module.js'[39m,
       function: [32m'Module.load'[39m,
       line: [33m487[39m,
       method: [32m'load'[39m,
       native: [33mfalse[39m },
     { column: [33m12[39m,
       file: [32m'module.js'[39m,
       function: [32m'tryModuleLoad'[39m,
       line: [33m446[39m,
       method: [1mnull[22m,
       native: [33mfalse[39m },
     { column: [33m3[39m,
       file: [32m'module.js'[39m,
       function: [32m'Function.Module._load'[39m,
       line: [33m438[39m,
       method: [32m'Module._load'[39m,
       native: [33mfalse[39m } ],
  stack: 
   [ [32m'Error: Cannot find module \'sb/etc/Logger.js\''[39m,
     [32m'    at Function.Module._resolveFilename (module.js:469:15)'[39m,
     [32m'    at Function.Module._load (module.js:417:25)'[39m,
     [32m'    at Module.require (module.js:497:17)'[39m,
     [32m'    at require (internal/module.js:20:19)'[39m,
     [32m'    at Object.<anonymous> (/home/john/CLOCKMAKER-GIT/Helper/SbEvent.js:3:41)'[39m,
     [32m'    at Module._compile (module.js:570:32)'[39m,
     [32m'    at Object.Module._extensions..js (module.js:579:10)'[39m,
     [32m'    at Module.load (module.js:487:32)'[39m,
     [32m'    at tryModuleLoad (module.js:446:12)'[39m,
     [32m'    at Function.Module._load (module.js:438:3)'[39m ] }
[31merror[39m: [Helper] uncaughtException: Cannot find module 'sb/etc/Logger.js' 
{ date: [32m'Sat Apr 29 2017 18:11:20 GMT-0600 (MDT)'[39m,
  process: 
   { pid: [33m4329[39m,
     uid: [33m1000[39m,
     gid: [33m1000[39m,
     cwd: [32m'/home/john/CLOCKMAKER-GIT/Helper'[39m,
     execPath: [32m'/usr/local/bin/node'[39m,
     version: [32m'v6.9.5'[39m,
     argv: 
      [ [32m'/usr/local/bin/node'[39m,
        [32m'/usr/local/bin/jasmine'[39m,
        [32m'HelperSpec.js'[39m ],
     memoryUsage: { rss: [33m32243712[39m, heapTotal: [33m12619776[39m, heapUsed: [33m7039552[39m } },
  os: 
   { loadavg: [ [33m0.3037109375[39m, [33m0.45361328125[39m, [33m0.44091796875[39m ],
     uptime: [33m5022884[39m },
  trace: 
   [ { column: [33m15[39m,
       file: [32m'module.js'[39m,
       function: [32m'Function.Module._resolveFilename'[39m,
       line: [33m469[39m,
       method: [32m'Module._resolveFilename'[39m,
       native: [33mfalse[39m },
     { column: [33m25[39m,
       file: [32m'module.js'[39m,
       function: [32m'Function.Module._load'[39m,
       line: [33m417[39m,
       method: [32m'Module._load'[39m,
       native: [33mfalse[39m },
     { column: [33m17[39m,
       file: [32m'module.js'[39m,
       function: [32m'Module.require'[39m,
       line: [33m497[39m,
       method: [32m'require'[39m,
       native: [33mfalse[39m },
     { column: [33m19[39m,
       file: [32m'internal/module.js'[39m,
       function: [32m'require'[39m,
       line: [33m20[39m,
       method: [1mnull[22m,
       native: [33mfalse[39m },
     { column: [33m41[39m,
       file: [32m'/home/john/CLOCKMAKER-GIT/Helper/SbEvent.js'[39m,
       function: [32m''[39m,
       line: [33m3[39m,
       method: [1mnull[22m,
       native: [33mfalse[39m },
     { column: [33m32[39m,
       file: [32m'module.js'[39m,
       function: [32m'Module._compile'[39m,
       line: [33m570[39m,
       method: [32m'_compile'[39m,
       native: [33mfalse[39m },
     { column: [33m10[39m,
       file: [32m'module.js'[39m,
       function: [32m'Object.Module._extensions..js'[39m,
       line: [33m579[39m,
       method: [32m'Module._extensions..js'[39m,
       native: [33mfalse[39m },
     { column: [33m32[39m,
       file: [32m'module.js'[39m,
       function: [32m'Module.load'[39m,
       line: [33m487[39m,
       method: [32m'load'[39m,
       native: [33mfalse[39m },
     { column: [33m12[39m,
       file: [32m'module.js'[39m,
       function: [32m'tryModuleLoad'[39m,
       line: [33m446[39m,
       method: [1mnull[22m,
       native: [33mfalse[39m },
     { column: [33m3[39m,
       file: [32m'module.js'[39m,
       function: [32m'Function.Module._load'[39m,
       line: [33m438[39m,
       method: [32m'Module._load'[39m,
       native: [33mfalse[39m } ],
  stack: 
   [ [32m'Error: Cannot find module \'sb/etc/Logger.js\''[39m,
     [32m'    at Function.Module._resolveFilename (module.js:469:15)'[39m,
     [32m'    at Function.Module._load (module.js:417:25)'[39m,
     [32m'    at Module.require (module.js:497:17)'[39m,
     [32m'    at require (internal/module.js:20:19)'[39m,
     [32m'    at Object.<anonymous> (/home/john/CLOCKMAKER-GIT/Helper/SbEvent.js:3:41)'[39m,
     [32m'    at Module._compile (module.js:570:32)'[39m,
     [32m'    at Object.Module._extensions..js (module.js:579:10)'[39m,
     [32m'    at Module.load (module.js:487:32)'[39m,
     [32m'    at tryModuleLoad (module.js:446:12)'[39m,
     [32m'    at Function.Module._load (module.js:438:3)'[39m ] }
